com.ptwired.ffh .. Success: 1 app(s) saved into google_main. 0 review(s) saved in google_reviews.
com.sofiealdo83.merrychristmas2021 .. Error occurred: App not found(404).
net.sabro.hongkongmapgame .. Success: 2 app(s) saved into google_main. 0 review(s) saved in google_reviews.
com.ImagyJ.RunningSIMON .. Success: 3 app(s) saved into google_main. 0 review(s) saved in google_reviews.
com.investcloud.FiduciaryTrust .. Success: 4 app(s) saved into google_main. 0 review(s) saved in google_reviews.
com.artixdesign.j7ringtones .. Error occurred: App not found(404).
com.wordpress.arogyavidya.ayurvedam .. Success: 5 app(s) saved into google_main. 0 review(s) saved in google_reviews.
com.niko300.worldofpotion .. Success: 6 app(s) saved into google_main. 0 review(s) saved in google_reviews.
me.lam.topup.pro .. Success: 7 app(s) saved into google_main. 0 review(s) saved in google_reviews.
eu.intellimed.hiperter .. Success: 8 app(s) saved into google_main. 0 review(s) saved in google_reviews.
com.mod.craft.dragonpets .. Success: 9 app(s) saved into google_main. 50 review(s) saved in google_reviews.
com.triactivemedia.performancebmw .. Error occurred: App not found(404).
com.twister.boby .. Success: 10 app(s) saved into google_main. 50 review(s) saved in google_reviews.
com.convoy.android .. Success: 11 app(s) saved into google_main. 50 review(s) saved in google_reviews.
com.chownow.meatwagonbbq .. Success: 12 app(s) saved into google_main. 50 review(s) saved in google_reviews.
com.radioonlinefmammusicplayer.sudanfmliveradiostations .. Error occurred: App not found(404).
com.polsup.CountryTurkeyHDThemes .. Error occurred: App not found(404).
com.nutrition.facts.food .. Success: 13 app(s) saved into google_main. 50 review(s) saved in google_reviews.
com.Thefishpondathome.LimaLustini .. Success: 14 app(s) saved into google_main. 50 review(s) saved in google_reviews.
sobhesabah.calendar .. Success: 15 app(s) saved into google_main. 70 review(s) saved in google_reviews.
com.chameleonMaster.RunColorSwitch .. Error occurred: App not found(404).
com.secutt.mb.live .. Error occurred: App not found(404).
com.sendys.explorer .. Success: 16 app(s) saved into google_main. 70 review(s) saved in google_reviews.
com.chardhaamkiyatra.sarojini .. Error occurred: App not found(404).
com.ricki.tatasurya .. Success: 17 app(s) saved into google_main. 70 review(s) saved in google_reviews.
com.br.dancacircular .. Success: 18 app(s) saved into google_main. 70 review(s) saved in google_reviews.
com.kingagizzi.pufferfishcarrot .. Error occurred: App not found(404).
com.meteoricstream.taxsimulator .. Error occurred: App not found(404).
com.aplicacion.diego.puntajenota .. Success: 19 app(s) saved into google_main. 70 review(s) saved in google_reviews.
com.ReggaeRingtones2019 .. Success: 20 app(s) saved into google_main. 70 review(s) saved in google_reviews.
com.appybuilder.raphi_design_comercial.TetrisBrickGame .. Error occurred: App not found(404).
com.nextdeveloper.hadiskasa .. Error occurred: App not found(404).
com.m360.android.zadigvoltaire .. Success: 21 app(s) saved into google_main. 70 review(s) saved in google_reviews.
com.freeappszone.sixties .. Success: 22 app(s) saved into google_main. 70 review(s) saved in google_reviews.
com.bassboosterequalizer.musicequalizersuperloud .. Error occurred: App not found(404).
com.ondong.ncalc .. Error occurred: App not found(404).
com.wallpapersatu.basket .. Error occurred: App not found(404).
com.applabs6.angham2019 .. Error occurred: App not found(404).
com.streamstudio.funfacts .. Error occurred: App not found(404).
org.nahu .. Success: 23 app(s) saved into google_main. 70 review(s) saved in google_reviews.
ccom.guidepof.tipspof.manualforpof .. Error occurred: App not found(404).
com.firstbanknj.mobile .. Success: 24 app(s) saved into google_main. 80 review(s) saved in google_reviews.
vintage.audio.tools.speakerbooster.pro .. Success: 25 app(s) saved into google_main. 130 review(s) saved in google_reviews.
com.gau.go.launcherex.theme.classic.tornfuture.yhw .. Error occurred: App not found(404).
goa.tourism.rentals .. Success: 26 app(s) saved into google_main. 130 review(s) saved in google_reviews.
com.lawdians.app.miapet .. Success: 27 app(s) saved into google_main. 130 review(s) saved in google_reviews.
zayn_apps.zaynapps .. Error occurred: App not found(404).
com.vs.appmarket.libya .. Success: 28 app(s) saved into google_main. 130 review(s) saved in google_reviews.
hk.miniapps.bazipaid .. Success: 29 app(s) saved into google_main. 130 review(s) saved in google_reviews.
com.goglok.game.sudoku .. Success: 30 app(s) saved into google_main. 130 review(s) saved in google_reviews.
